<?xml version="1.0" encoding="UTF-8"?>
<!-- Generated by org.testng.reporters.JUnitXMLReporter -->
<testsuite ignored="0" hostname="ASISH" failures="0" tests="4" name="test001" time="5.678" errors="0" timestamp="2023-11-09T15:47:05 IST">
  <testcase classname="in.reqres.test.Script001RegisterUser" name="registerUser" time="3.237"/>
  <testcase classname="in.reqres.test.Script002GetUsers" name="getUsers" time="0.878"/>
  <testcase classname="in.reqres.test.Script003LoginUsers" name="Login_User" time="0.902"/>
  <testcase classname="in.reqres.test.Script004LoggingRequest" name="Logging_Request" time="0.57"/>
</testsuite> <!-- test001 -->
